[2018-11-11T20:23:31.988] [ERROR] cheese - Cheese is too ripe!
[2018-11-12T00:42:53.705] [ERROR] cheese - Cheese is too ripe!
[2018-11-12T00:42:54.161] [ERROR] cheese - { Error: ER_TRUNCATED_WRONG_VALUE: Incorrect datetime value: '2018-11-12 00:11:72' for column 'date' at row 1
    at Query.Sequence._packetToError (E:\DOCUMENTS\Le Chat\NodeJS-App-Chat\src\node_modules\mysql\lib\protocol\sequences\Sequence.js:47:14)
    at Query.ErrorPacket (E:\DOCUMENTS\Le Chat\NodeJS-App-Chat\src\node_modules\mysql\lib\protocol\sequences\Query.js:77:18)
    at Protocol._parsePacket (E:\DOCUMENTS\Le Chat\NodeJS-App-Chat\src\node_modules\mysql\lib\protocol\Protocol.js:278:23)
    at Parser.write (E:\DOCUMENTS\Le Chat\NodeJS-App-Chat\src\node_modules\mysql\lib\protocol\Parser.js:76:12)
    at Protocol.write (E:\DOCUMENTS\Le Chat\NodeJS-App-Chat\src\node_modules\mysql\lib\protocol\Protocol.js:38:16)
    at Socket.<anonymous> (E:\DOCUMENTS\Le Chat\NodeJS-App-Chat\src\node_modules\mysql\lib\Connection.js:91:28)
    at Socket.<anonymous> (E:\DOCUMENTS\Le Chat\NodeJS-App-Chat\src\node_modules\mysql\lib\Connection.js:502:10)
    at Socket.emit (events.js:182:13)
    at addChunk (_stream_readable.js:283:12)
    at readableAddChunk (_stream_readable.js:264:11)
    --------------------
    at Protocol._enqueue (E:\DOCUMENTS\Le Chat\NodeJS-App-Chat\src\node_modules\mysql\lib\protocol\Protocol.js:144:48)
    at Connection.query (E:\DOCUMENTS\Le Chat\NodeJS-App-Chat\src\node_modules\mysql\lib\Connection.js:200:25)
    at Handshake.<anonymous> (E:\DOCUMENTS\Le Chat\NodeJS-App-Chat\src\models\dao\messageDAO.js:59:25)
    at Handshake.<anonymous> (E:\DOCUMENTS\Le Chat\NodeJS-App-Chat\src\node_modules\mysql\lib\Connection.js:502:10)
    at Handshake._callback (E:\DOCUMENTS\Le Chat\NodeJS-App-Chat\src\node_modules\mysql\lib\Connection.js:468:16)
    at Handshake.Sequence.end (E:\DOCUMENTS\Le Chat\NodeJS-App-Chat\src\node_modules\mysql\lib\protocol\sequences\Sequence.js:83:24)
    at Handshake.Sequence.OkPacket (E:\DOCUMENTS\Le Chat\NodeJS-App-Chat\src\node_modules\mysql\lib\protocol\sequences\Sequence.js:92:8)
    at Protocol._parsePacket (E:\DOCUMENTS\Le Chat\NodeJS-App-Chat\src\node_modules\mysql\lib\protocol\Protocol.js:278:23)
    at Parser.write (E:\DOCUMENTS\Le Chat\NodeJS-App-Chat\src\node_modules\mysql\lib\protocol\Parser.js:76:12)
    at Protocol.write (E:\DOCUMENTS\Le Chat\NodeJS-App-Chat\src\node_modules\mysql\lib\protocol\Protocol.js:38:16)
  code: 'ER_TRUNCATED_WRONG_VALUE',
  errno: 1292,
  sqlMessage:
   'Incorrect datetime value: \'2018-11-12 00:11:72\' for column \'date\' at row 1',
  sqlState: '22007',
  index: 0,
  sql:
   'UPDATE messages SET id_user=\'0\', message=\'NOM\', date=\'2018-11-12 00:11:72\'  WHERE id=4' }
[2018-11-12T00:58:04.811] [ERROR] cheese - { Error: ER_NO_REFERENCED_ROW_2: Cannot add or update a child row: a foreign key constraint fails (`db_nodejs_chat`.`messages`, CONSTRAINT `FK_Users_Messages` FOREIGN KEY (`id_user`) REFERENCES `users` (`id`) ON DELETE NO ACTION ON UPDATE NO ACTION)
    at Query.Sequence._packetToError (E:\DOCUMENTS\Le Chat\NodeJS-App-Chat\src\node_modules\mysql\lib\protocol\sequences\Sequence.js:47:14)
    at Query.ErrorPacket (E:\DOCUMENTS\Le Chat\NodeJS-App-Chat\src\node_modules\mysql\lib\protocol\sequences\Query.js:77:18)
    at Protocol._parsePacket (E:\DOCUMENTS\Le Chat\NodeJS-App-Chat\src\node_modules\mysql\lib\protocol\Protocol.js:278:23)
    at Parser.write (E:\DOCUMENTS\Le Chat\NodeJS-App-Chat\src\node_modules\mysql\lib\protocol\Parser.js:76:12)
    at Protocol.write (E:\DOCUMENTS\Le Chat\NodeJS-App-Chat\src\node_modules\mysql\lib\protocol\Protocol.js:38:16)
    at Socket.<anonymous> (E:\DOCUMENTS\Le Chat\NodeJS-App-Chat\src\node_modules\mysql\lib\Connection.js:91:28)
    at Socket.<anonymous> (E:\DOCUMENTS\Le Chat\NodeJS-App-Chat\src\node_modules\mysql\lib\Connection.js:502:10)
    at Socket.emit (events.js:182:13)
    at addChunk (_stream_readable.js:283:12)
    at readableAddChunk (_stream_readable.js:264:11)
    --------------------
    at Protocol._enqueue (E:\DOCUMENTS\Le Chat\NodeJS-App-Chat\src\node_modules\mysql\lib\protocol\Protocol.js:144:48)
    at Connection.query (E:\DOCUMENTS\Le Chat\NodeJS-App-Chat\src\node_modules\mysql\lib\Connection.js:200:25)
    at Handshake.<anonymous> (E:\DOCUMENTS\Le Chat\NodeJS-App-Chat\src\models\dao\messageDAO.js:59:25)
    at Handshake.<anonymous> (E:\DOCUMENTS\Le Chat\NodeJS-App-Chat\src\node_modules\mysql\lib\Connection.js:502:10)
    at Handshake._callback (E:\DOCUMENTS\Le Chat\NodeJS-App-Chat\src\node_modules\mysql\lib\Connection.js:468:16)
    at Handshake.Sequence.end (E:\DOCUMENTS\Le Chat\NodeJS-App-Chat\src\node_modules\mysql\lib\protocol\sequences\Sequence.js:83:24)
    at Handshake.Sequence.OkPacket (E:\DOCUMENTS\Le Chat\NodeJS-App-Chat\src\node_modules\mysql\lib\protocol\sequences\Sequence.js:92:8)
    at Protocol._parsePacket (E:\DOCUMENTS\Le Chat\NodeJS-App-Chat\src\node_modules\mysql\lib\protocol\Protocol.js:278:23)
    at Parser.write (E:\DOCUMENTS\Le Chat\NodeJS-App-Chat\src\node_modules\mysql\lib\protocol\Parser.js:76:12)
    at Protocol.write (E:\DOCUMENTS\Le Chat\NodeJS-App-Chat\src\node_modules\mysql\lib\protocol\Protocol.js:38:16)
  code: 'ER_NO_REFERENCED_ROW_2',
  errno: 1452,
  sqlMessage:
   'Cannot add or update a child row: a foreign key constraint fails (`db_nodejs_chat`.`messages`, CONSTRAINT `FK_Users_Messages` FOREIGN KEY (`id_user`) REFERENCES `users` (`id`) ON DELETE NO ACTION ON UPDATE NO ACTION)',
  sqlState: '23000',
  index: 0,
  sql:
   'UPDATE messages SET id_user=\'0\', message=\'NOM\', date=\'2018-11-12 12:58:03\'  WHERE id=4' }
[2018-11-12T01:46:57.684] [ERROR] toFileText - { Error: ER_NO_REFERENCED_ROW_2: Cannot add or update a child row: a foreign key constraint fails (`db_nodejs_chat`.`messages`, CONSTRAINT `FK_Users_Messages` FOREIGN KEY (`id_user`) REFERENCES `users` (`id`) ON DELETE NO ACTION ON UPDATE NO ACTION)
    at Query.Sequence._packetToError (E:\DOCUMENTS\Le Chat\NodeJS-App-Chat\src\node_modules\mysql\lib\protocol\sequences\Sequence.js:47:14)
    at Query.ErrorPacket (E:\DOCUMENTS\Le Chat\NodeJS-App-Chat\src\node_modules\mysql\lib\protocol\sequences\Query.js:77:18)
    at Protocol._parsePacket (E:\DOCUMENTS\Le Chat\NodeJS-App-Chat\src\node_modules\mysql\lib\protocol\Protocol.js:278:23)
    at Parser.write (E:\DOCUMENTS\Le Chat\NodeJS-App-Chat\src\node_modules\mysql\lib\protocol\Parser.js:76:12)
    at Protocol.write (E:\DOCUMENTS\Le Chat\NodeJS-App-Chat\src\node_modules\mysql\lib\protocol\Protocol.js:38:16)
    at Socket.<anonymous> (E:\DOCUMENTS\Le Chat\NodeJS-App-Chat\src\node_modules\mysql\lib\Connection.js:91:28)
    at Socket.<anonymous> (E:\DOCUMENTS\Le Chat\NodeJS-App-Chat\src\node_modules\mysql\lib\Connection.js:502:10)
    at Socket.emit (events.js:182:13)
    at addChunk (_stream_readable.js:283:12)
    at readableAddChunk (_stream_readable.js:264:11)
    --------------------
    at Protocol._enqueue (E:\DOCUMENTS\Le Chat\NodeJS-App-Chat\src\node_modules\mysql\lib\protocol\Protocol.js:144:48)
    at Connection.query (E:\DOCUMENTS\Le Chat\NodeJS-App-Chat\src\node_modules\mysql\lib\Connection.js:200:25)
    at Handshake.<anonymous> (E:\DOCUMENTS\Le Chat\NodeJS-App-Chat\src\models\dao\messageDAO.js:59:25)
    at Handshake.<anonymous> (E:\DOCUMENTS\Le Chat\NodeJS-App-Chat\src\node_modules\mysql\lib\Connection.js:502:10)
    at Handshake._callback (E:\DOCUMENTS\Le Chat\NodeJS-App-Chat\src\node_modules\mysql\lib\Connection.js:468:16)
    at Handshake.Sequence.end (E:\DOCUMENTS\Le Chat\NodeJS-App-Chat\src\node_modules\mysql\lib\protocol\sequences\Sequence.js:83:24)
    at Handshake.Sequence.OkPacket (E:\DOCUMENTS\Le Chat\NodeJS-App-Chat\src\node_modules\mysql\lib\protocol\sequences\Sequence.js:92:8)
    at Protocol._parsePacket (E:\DOCUMENTS\Le Chat\NodeJS-App-Chat\src\node_modules\mysql\lib\protocol\Protocol.js:278:23)
    at Parser.write (E:\DOCUMENTS\Le Chat\NodeJS-App-Chat\src\node_modules\mysql\lib\protocol\Parser.js:76:12)
    at Protocol.write (E:\DOCUMENTS\Le Chat\NodeJS-App-Chat\src\node_modules\mysql\lib\protocol\Protocol.js:38:16)
  code: 'ER_NO_REFERENCED_ROW_2',
  errno: 1452,
  sqlMessage:
   'Cannot add or update a child row: a foreign key constraint fails (`db_nodejs_chat`.`messages`, CONSTRAINT `FK_Users_Messages` FOREIGN KEY (`id_user`) REFERENCES `users` (`id`) ON DELETE NO ACTION ON UPDATE NO ACTION)',
  sqlState: '23000',
  index: 0,
  sql:
   'UPDATE messages SET id_user=\'0\', message=\'NOM\', date=\'2018-11-12 01:46:57\'  WHERE id=4' }
[2018-11-12T02:12:40.954] [ERROR] toFileText - { Error: ER_NO_REFERENCED_ROW_2: Cannot add or update a child row: a foreign key constraint fails (`db_nodejs_chat`.`messages`, CONSTRAINT `FK_Users_Messages` FOREIGN KEY (`id_user`) REFERENCES `users` (`id`) ON DELETE NO ACTION ON UPDATE NO ACTION)
    at Query.Sequence._packetToError (E:\DOCUMENTS\Le Chat\NodeJS-App-Chat\src\node_modules\mysql\lib\protocol\sequences\Sequence.js:47:14)
    at Query.ErrorPacket (E:\DOCUMENTS\Le Chat\NodeJS-App-Chat\src\node_modules\mysql\lib\protocol\sequences\Query.js:77:18)
    at Protocol._parsePacket (E:\DOCUMENTS\Le Chat\NodeJS-App-Chat\src\node_modules\mysql\lib\protocol\Protocol.js:278:23)
    at Parser.write (E:\DOCUMENTS\Le Chat\NodeJS-App-Chat\src\node_modules\mysql\lib\protocol\Parser.js:76:12)
    at Protocol.write (E:\DOCUMENTS\Le Chat\NodeJS-App-Chat\src\node_modules\mysql\lib\protocol\Protocol.js:38:16)
    at Socket.<anonymous> (E:\DOCUMENTS\Le Chat\NodeJS-App-Chat\src\node_modules\mysql\lib\Connection.js:91:28)
    at Socket.<anonymous> (E:\DOCUMENTS\Le Chat\NodeJS-App-Chat\src\node_modules\mysql\lib\Connection.js:502:10)
    at Socket.emit (events.js:182:13)
    at addChunk (_stream_readable.js:283:12)
    at readableAddChunk (_stream_readable.js:264:11)
    --------------------
    at Protocol._enqueue (E:\DOCUMENTS\Le Chat\NodeJS-App-Chat\src\node_modules\mysql\lib\protocol\Protocol.js:144:48)
    at Connection.query (E:\DOCUMENTS\Le Chat\NodeJS-App-Chat\src\node_modules\mysql\lib\Connection.js:200:25)
    at Handshake.<anonymous> (E:\DOCUMENTS\Le Chat\NodeJS-App-Chat\src\models\dao\messageDAO.js:59:25)
    at Handshake.<anonymous> (E:\DOCUMENTS\Le Chat\NodeJS-App-Chat\src\node_modules\mysql\lib\Connection.js:502:10)
    at Handshake._callback (E:\DOCUMENTS\Le Chat\NodeJS-App-Chat\src\node_modules\mysql\lib\Connection.js:468:16)
    at Handshake.Sequence.end (E:\DOCUMENTS\Le Chat\NodeJS-App-Chat\src\node_modules\mysql\lib\protocol\sequences\Sequence.js:83:24)
    at Handshake.Sequence.OkPacket (E:\DOCUMENTS\Le Chat\NodeJS-App-Chat\src\node_modules\mysql\lib\protocol\sequences\Sequence.js:92:8)
    at Protocol._parsePacket (E:\DOCUMENTS\Le Chat\NodeJS-App-Chat\src\node_modules\mysql\lib\protocol\Protocol.js:278:23)
    at Parser.write (E:\DOCUMENTS\Le Chat\NodeJS-App-Chat\src\node_modules\mysql\lib\protocol\Parser.js:76:12)
    at Protocol.write (E:\DOCUMENTS\Le Chat\NodeJS-App-Chat\src\node_modules\mysql\lib\protocol\Protocol.js:38:16)
  code: 'ER_NO_REFERENCED_ROW_2',
  errno: 1452,
  sqlMessage:
   'Cannot add or update a child row: a foreign key constraint fails (`db_nodejs_chat`.`messages`, CONSTRAINT `FK_Users_Messages` FOREIGN KEY (`id_user`) REFERENCES `users` (`id`) ON DELETE NO ACTION ON UPDATE NO ACTION)',
  sqlState: '23000',
  index: 0,
  sql:
   'UPDATE messages SET id_user=\'0\', message=\'NOM\', date=\'2018-11-12 02:12:40\'  WHERE id=4' }
[2018-11-12T16:15:07.860] [ERROR] toFileText - { Error: connect ECONNREFUSED 127.0.0.1:3306
    at TCPConnectWrap.afterConnect [as oncomplete] (net.js:1113:14)
    --------------------
    at Protocol._enqueue (E:\DOCUMENTS\Le Chat\NodeJS-App-Chat\src\node_modules\mysql\lib\protocol\Protocol.js:144:48)
    at Protocol.handshake (E:\DOCUMENTS\Le Chat\NodeJS-App-Chat\src\node_modules\mysql\lib\protocol\Protocol.js:51:23)
    at Connection.connect (E:\DOCUMENTS\Le Chat\NodeJS-App-Chat\src\node_modules\mysql\lib\Connection.js:118:18)
    at Promise (E:\DOCUMENTS\Le Chat\NodeJS-App-Chat\src\models\dao\messageDAO.js:54:21)
    at new Promise (<anonymous>)
    at messageDAO.upd (E:\DOCUMENTS\Le Chat\NodeJS-App-Chat\src\models\dao\messageDAO.js:48:16)
    at Object.<anonymous> (E:\DOCUMENTS\Le Chat\NodeJS-App-Chat\src\app.js:49:5)
    at Module._compile (internal/modules/cjs/loader.js:688:30)
    at Object.Module._extensions..js (internal/modules/cjs/loader.js:699:10)
    at Module.load (internal/modules/cjs/loader.js:598:32)
  errno: 'ECONNREFUSED',
  code: 'ECONNREFUSED',
  syscall: 'connect',
  address: '127.0.0.1',
  port: 3306,
  fatal: true }
[2018-11-15T17:25:34.314] [ERROR] toFileText - { Error: connect ECONNREFUSED 127.0.0.1:3306
    at TCPConnectWrap.afterConnect [as oncomplete] (net.js:1113:14)
    --------------------
    at Protocol._enqueue (E:\DOCUMENTS\Le Chat\NodeJS-App-Chat\src\node_modules\mysql\lib\protocol\Protocol.js:144:48)
    at Protocol.handshake (E:\DOCUMENTS\Le Chat\NodeJS-App-Chat\src\node_modules\mysql\lib\protocol\Protocol.js:51:23)
    at Connection.connect (E:\DOCUMENTS\Le Chat\NodeJS-App-Chat\src\node_modules\mysql\lib\Connection.js:118:18)
    at Promise (E:\DOCUMENTS\Le Chat\NodeJS-App-Chat\src\models\dao\userDAO.js:148:21)
    at new Promise (<anonymous>)
    at UserDAO.getCodePassword (E:\DOCUMENTS\Le Chat\NodeJS-App-Chat\src\models\dao\userDAO.js:142:16)
    at E:\DOCUMENTS\Le Chat\NodeJS-App-Chat\src\routes\authenticationRoute.js:31:13
    at Layer.handle [as handle_request] (E:\DOCUMENTS\Le Chat\NodeJS-App-Chat\src\node_modules\express\lib\router\layer.js:82:5)
    at next (E:\DOCUMENTS\Le Chat\NodeJS-App-Chat\src\node_modules\express\lib\router\route.js:110:13)
    at Route.dispatch (E:\DOCUMENTS\Le Chat\NodeJS-App-Chat\src\node_modules\express\lib\router\route.js:91:3)
  errno: 'ECONNREFUSED',
  code: 'ECONNREFUSED',
  syscall: 'connect',
  address: '127.0.0.1',
  port: 3306,
  fatal: true }
[2018-11-15T17:28:57.347] [ERROR] toFileText - { Error: ER_BAD_FIELD_ERROR: Champ 'aaaa' inconnu dans where clause
    at Query.Sequence._packetToError (E:\DOCUMENTS\Le Chat\NodeJS-App-Chat\src\node_modules\mysql\lib\protocol\sequences\Sequence.js:47:14)
    at Query.ErrorPacket (E:\DOCUMENTS\Le Chat\NodeJS-App-Chat\src\node_modules\mysql\lib\protocol\sequences\Query.js:77:18)
    at Protocol._parsePacket (E:\DOCUMENTS\Le Chat\NodeJS-App-Chat\src\node_modules\mysql\lib\protocol\Protocol.js:278:23)
    at Parser.write (E:\DOCUMENTS\Le Chat\NodeJS-App-Chat\src\node_modules\mysql\lib\protocol\Parser.js:76:12)
    at Protocol.write (E:\DOCUMENTS\Le Chat\NodeJS-App-Chat\src\node_modules\mysql\lib\protocol\Protocol.js:38:16)
    at Socket.<anonymous> (E:\DOCUMENTS\Le Chat\NodeJS-App-Chat\src\node_modules\mysql\lib\Connection.js:91:28)
    at Socket.<anonymous> (E:\DOCUMENTS\Le Chat\NodeJS-App-Chat\src\node_modules\mysql\lib\Connection.js:502:10)
    at Socket.emit (events.js:182:13)
    at addChunk (_stream_readable.js:283:12)
    at readableAddChunk (_stream_readable.js:264:11)
    --------------------
    at Protocol._enqueue (E:\DOCUMENTS\Le Chat\NodeJS-App-Chat\src\node_modules\mysql\lib\protocol\Protocol.js:144:48)
    at Connection.query (E:\DOCUMENTS\Le Chat\NodeJS-App-Chat\src\node_modules\mysql\lib\Connection.js:200:25)
    at Handshake.<anonymous> (E:\DOCUMENTS\Le Chat\NodeJS-App-Chat\src\models\dao\userDAO.js:153:25)
    at Handshake.<anonymous> (E:\DOCUMENTS\Le Chat\NodeJS-App-Chat\src\node_modules\mysql\lib\Connection.js:502:10)
    at Handshake._callback (E:\DOCUMENTS\Le Chat\NodeJS-App-Chat\src\node_modules\mysql\lib\Connection.js:468:16)
    at Handshake.Sequence.end (E:\DOCUMENTS\Le Chat\NodeJS-App-Chat\src\node_modules\mysql\lib\protocol\sequences\Sequence.js:83:24)
    at Handshake.Sequence.OkPacket (E:\DOCUMENTS\Le Chat\NodeJS-App-Chat\src\node_modules\mysql\lib\protocol\sequences\Sequence.js:92:8)
    at Protocol._parsePacket (E:\DOCUMENTS\Le Chat\NodeJS-App-Chat\src\node_modules\mysql\lib\protocol\Protocol.js:278:23)
    at Parser.write (E:\DOCUMENTS\Le Chat\NodeJS-App-Chat\src\node_modules\mysql\lib\protocol\Parser.js:76:12)
    at Protocol.write (E:\DOCUMENTS\Le Chat\NodeJS-App-Chat\src\node_modules\mysql\lib\protocol\Protocol.js:38:16)
  code: 'ER_BAD_FIELD_ERROR',
  errno: 1054,
  sqlMessage: 'Champ \'aaaa\' inconnu dans where clause',
  sqlState: '42S22',
  index: 0,
  sql: 'SELECT *  FROM users WHERE code=aaaa and password=aaaa' }
